<?xml version="1.0" encoding="UTF-8"?>
<testsuite xmlns:xsi="http://www.w3.org/2001/XMLSchema-instance" xsi:noNamespaceSchemaLocation="https://maven.apache.org/surefire/maven-surefire-plugin/xsd/surefire-test-report-3.0.xsd" version="3.0" name="co.edu.sena.mesaayuda.modelo.estado.EstadoTicketTest" time="0.084" tests="7" errors="0" skipped="0" failures="0">
  <properties>
[...]
</properties>
  <testcase name="asignadoSoloPuedeIniciarOCancelarse" classname="co.edu.sena.mesaayuda.modelo.estado.EstadoTicketTest" time="0.034"/>
  <testcase name="laFabricaReconstruyeElEstadoCorrectoDesdeElNombrePersistido" classname="co.edu.sena.mesaayuda.modelo.estado.EstadoTicketTest" time="0.009"/>
  <testcase name="resueltoPuedeCerrarseReabrirseOCancelarse" classname="co.edu.sena.mesaayuda.modelo.estado.EstadoTicketTest" time="0.002"/>
  <testcase name="cancelarUnTicketYaCerradoNoDeberiaSerPosible_reglaDelNegocio" classname="co.edu.sena.mesaayuda.modelo.estado.EstadoTicketTest" time="0.002"/>
  <testcase name="enProcesoSoloPuedeResolverseOCancelarse" classname="co.edu.sena.mesaayuda.modelo.estado.EstadoTicketTest" time="0.001"/>
  <testcase name="nuevoSoloPuedeAsignarseOCancelarse" classname="co.edu.sena.mesaayuda.modelo.estado.EstadoTicketTest" time="0.002"/>
  <testcase name="cerradoNoAdmiteNingunaTransicion" classname="co.edu.sena.mesaayuda.modelo.estado.EstadoTicketTest" time="0.002"/>
</testsuite>